2025-09-12 01:57:05 | INFO | __main__ | Logger is working!
2025-09-12 02:04:47 | INFO | utils_logger | Starting Project 3...
2025-09-12 02:04:47 | INFO | utils_logger | Finished Project 3.
2025-09-12 02:12:57 | INFO | utils_logger | Starting Project 3...
2025-09-12 02:12:57 | INFO | utils_logger | Finished Project 3.
2025-09-12 02:14:52 | INFO | utils_logger | Starting Project 3...
2025-09-12 02:14:52 | INFO | utils_logger | Finished Project 3.
2025-09-12 02:14:53 | INFO | utils_logger | Starting Project 3...
2025-09-12 02:14:53 | INFO | utils_logger | Fetching data from https://jsonplaceholder.typicode.com/todos...
2025-09-12 02:14:54 | INFO | utils_logger | Fetched 200 records.
2025-09-12 02:14:54 | INFO | utils_logger | Processing data...
2025-09-12 02:14:54 | INFO | utils_logger | Processed data: 90 completed tasks.
2025-09-12 02:14:54 | INFO | utils_logger | Saving CSV file to data/tasks.csv...
2025-09-12 02:14:54 | INFO | utils_logger | Saving Excel file to data/tasks.xlsx...
2025-09-12 02:14:54 | INFO | utils_logger | Saving JSON file to data/tasks.json...
2025-09-12 02:14:54 | INFO | utils_logger | Saving Text file to data/tasks.txt...
2025-09-12 02:14:54 | INFO | utils_logger | Finished Project 3.
2025-09-12 02:18:10 | INFO | utils_logger | Starting Project 3...
2025-09-12 02:18:10 | INFO | utils_logger | Finished Project 3.
2025-09-12 02:18:11 | INFO | utils_logger | Starting Project 3...
2025-09-12 02:18:11 | INFO | utils_logger | Fetching data from https://jsonplaceholder.typicode.com/todos...
2025-09-12 02:18:11 | INFO | utils_logger | Fetched 200 records.
2025-09-12 02:18:11 | INFO | utils_logger | Processing data...
2025-09-12 02:18:11 | INFO | utils_logger | Processed data: 90 completed tasks.
2025-09-12 02:18:11 | INFO | utils_logger | Saving CSV file to data/tasks.csv...
2025-09-12 02:18:11 | INFO | utils_logger | Saving Excel file to data/tasks.xlsx...
2025-09-12 02:18:11 | INFO | utils_logger | Saving JSON file to data/tasks.json...
2025-09-12 02:18:11 | INFO | utils_logger | Saving Text file to data/tasks.txt...
2025-09-12 02:18:11 | INFO | utils_logger | Finished Project 3.
